<?xml version="1.0" encoding="UTF-8"?>
<!-- Generated by org.testng.reporters.JUnitXMLReporter -->
<testsuite ignored="0" hostname="DESKTOP-1OHI8R1" failures="0" tests="2" name="DemoBlaze Test" time="19.125" errors="0" timestamp="2026-07-06T11:57:16 IST">
  <testcase classname="io.cucumber.testng.AbstractTestNGCucumberTests" name="runScenario" time="9.68"/>
  <testcase classname="io.cucumber.testng.AbstractTestNGCucumberTests" name="runScenario" time="8.386"/>
</testsuite> <!-- DemoBlaze Test -->
