<?xml version="1.0" encoding="UTF-8"?>
<testng-results ignored="0" total="4" passed="4" failed="0" skipped="0">
  <reporter-output>
  </reporter-output>
  <suite started-at="2026-07-07T21:42:26 IST" name="Default suite" finished-at="2026-07-07T21:43:28 IST" duration-ms="61990">
    <groups>
      <group name="cucumber">
        <method signature="AbstractTestNGCucumberTests.runScenario(io.cucumber.testng.PickleWrapper,io.cucumber.testng.FeatureWrapper)[pri:0, instance:runners.TestRunner@362a019c]" name="runScenario" class="io.cucumber.testng.AbstractTestNGCucumberTests"/>
      </group> <!-- cucumber -->
    </groups>
    <test started-at="2026-07-07T21:42:26 IST" name="Default test" finished-at="2026-07-07T21:43:28 IST" duration-ms="61990">
      <class name="runners.TestRunner">
        <test-method is-config="true" signature="setUpClass(org.testng.ITestContext)[pri:0, instance:runners.TestRunner@362a019c]" started-at="2026-07-07T21:42:26 IST" name="setUpClass" finished-at="2026-07-07T21:42:27 IST" duration-ms="882" status="PASS">
          <params>
            <param index="0">
              <value>
                <![CDATA[org.testng.TestRunner@22ae32ba]]>
              </value>
            </param>
          </params>
          <reporter-output>
          </reporter-output>
        </test-method> <!-- setUpClass -->
        <test-method signature="runScenario(io.cucumber.testng.PickleWrapper,io.cucumber.testng.FeatureWrapper)[pri:0, instance:runners.TestRunner@362a019c]" started-at="2026-07-07T21:42:27 IST" name="runScenario" description="Runs Cucumber Scenarios" data-provider="scenarios" finished-at="2026-07-07T21:42:37 IST" duration-ms="9446" status="PASS">
          <params>
            <param index="0">
              <value>
                <![CDATA["Verify user lands on home page after login"]]>
              </value>
            </param>
            <param index="1">
              <value>
                <![CDATA["DemoBlaze Product and Cart Functionality"]]>
              </value>
            </param>
          </params>
          <reporter-output>
          </reporter-output>
        </test-method> <!-- runScenario -->
        <test-method signature="runScenario(io.cucumber.testng.PickleWrapper,io.cucumber.testng.FeatureWrapper)[pri:0, instance:runners.TestRunner@362a019c]" started-at="2026-07-07T21:42:37 IST" name="runScenario" description="Runs Cucumber Scenarios" data-provider="scenarios" finished-at="2026-07-07T21:42:47 IST" duration-ms="10485" status="PASS">
          <params>
            <param index="0">
              <value>
                <![CDATA["Verify product details after selecting a product"]]>
              </value>
            </param>
            <param index="1">
              <value>
                <![CDATA["DemoBlaze Product and Cart Functionality"]]>
              </value>
            </param>
          </params>
          <reporter-output>
          </reporter-output>
        </test-method> <!-- runScenario -->
        <test-method signature="runScenario(io.cucumber.testng.PickleWrapper,io.cucumber.testng.FeatureWrapper)[pri:0, instance:runners.TestRunner@362a019c]" started-at="2026-07-07T21:42:47 IST" name="runScenario" description="Runs Cucumber Scenarios" data-provider="scenarios" finished-at="2026-07-07T21:43:04 IST" duration-ms="16986" status="PASS">
          <params>
            <param index="0">
              <value>
                <![CDATA["Verify user can add product to cart successfully"]]>
              </value>
            </param>
            <param index="1">
              <value>
                <![CDATA["DemoBlaze Product and Cart Functionality"]]>
              </value>
            </param>
          </params>
          <reporter-output>
          </reporter-output>
        </test-method> <!-- runScenario -->
        <test-method signature="runScenario(io.cucumber.testng.PickleWrapper,io.cucumber.testng.FeatureWrapper)[pri:0, instance:runners.TestRunner@362a019c]" started-at="2026-07-07T21:43:04 IST" name="runScenario" description="Runs Cucumber Scenarios" data-provider="scenarios" finished-at="2026-07-07T21:43:28 IST" duration-ms="23952" status="PASS">
          <params>
            <param index="0">
              <value>
                <![CDATA["Verify user can purchase product successfully"]]>
              </value>
            </param>
            <param index="1">
              <value>
                <![CDATA["DemoBlaze Product and Cart Functionality"]]>
              </value>
            </param>
          </params>
          <reporter-output>
          </reporter-output>
        </test-method> <!-- runScenario -->
        <test-method is-config="true" signature="tearDownClass()[pri:0, instance:runners.TestRunner@362a019c]" started-at="2026-07-07T21:43:28 IST" name="tearDownClass" finished-at="2026-07-07T21:43:28 IST" duration-ms="100" status="PASS">
          <reporter-output>
          </reporter-output>
        </test-method> <!-- tearDownClass -->
      </class> <!-- runners.TestRunner -->
    </test> <!-- Default test -->
  </suite> <!-- Default suite -->
</testng-results>
