<?xml version="1.0" encoding="UTF-8"?>
<!-- Generated by org.testng.reporters.JUnitReportReporter -->
<testsuite hostname="DESKTOP-1OHI8R1" failures="0" tests="4" name="runners.TestRunner" time="66.097" errors="0" timestamp="2026-07-06T19:06:04 IST" skipped="0">
  <testcase classname="runners.TestRunner" name="runScenario" time="15.362"/>
  <testcase classname="runners.TestRunner" name="runScenario" time="16.059"/>
  <testcase classname="runners.TestRunner" name="runScenario" time="10.348"/>
  <testcase classname="runners.TestRunner" name="runScenario" time="24.328"/>
</testsuite> <!-- runners.TestRunner -->
